<?xml version="1.0" encoding="UTF-8"?>
<testsuite name="io.vertx.gradle.gleads.RegisterUserTest" tests="1" skipped="0" failures="0" errors="0" timestamp="2020-01-09T11:21:38" hostname="DESKTOP-8N6BFOV" time="0.119">
  <properties/>
  <testcase name="testRegisterUser(Vertx, VertxTestContext)" classname="io.vertx.gradle.gleads.RegisterUserTest" time="0.119"/>
  <system-out><![CDATA[]]></system-out>
  <system-err><![CDATA[Jan 09, 2020 12:21:38 PM com.mongodb.diagnostics.logging.JULLogger log
INFO: Cluster created with settings {hosts=[localhost:27017], mode=SINGLE, requiredClusterType=UNKNOWN, serverSelectionTimeout='30000 ms', maxWaitQueueSize=500}
Jan 09, 2020 12:21:38 PM com.mongodb.diagnostics.logging.JULLogger log
INFO: Opened connection [connectionId{localValue:4, serverValue:25}] to localhost:27017
Jan 09, 2020 12:21:38 PM com.mongodb.diagnostics.logging.JULLogger log
INFO: Monitor thread successfully connected to server with description ServerDescription{address=localhost:27017, type=STANDALONE, state=CONNECTED, ok=true, version=ServerVersion{versionList=[4, 2, 2]}, minWireVersion=0, maxWireVersion=8, maxDocumentSize=16777216, logicalSessionTimeoutMinutes=30, roundTripTimeNanos=5285600}
Jan 09, 2020 12:21:38 PM com.mongodb.diagnostics.logging.JULLogger log
INFO: Opened connection [connectionId{localValue:5, serverValue:26}] to localhost:27017
]]></system-err>
</testsuite>
