<?xml version="1.0" encoding="UTF-8"?>
<testsuite name="io.vertx.gradle.gleads.MainVerticleTest" tests="1" skipped="0" failures="0" errors="0" timestamp="2020-01-09T11:21:36" hostname="DESKTOP-8N6BFOV" time="1.872">
  <properties/>
  <testcase name="testThatTheServerIsStarted(Vertx, VertxTestContext)" classname="io.vertx.gradle.gleads.MainVerticleTest" time="1.872"/>
  <system-out><![CDATA[]]></system-out>
  <system-err><![CDATA[Jan 09, 2020 12:21:37 PM com.mongodb.diagnostics.logging.JULLogger log
INFO: Cluster created with settings {hosts=[localhost:27017], mode=SINGLE, requiredClusterType=UNKNOWN, serverSelectionTimeout='30000 ms', maxWaitQueueSize=500}
Jan 09, 2020 12:21:37 PM com.mongodb.diagnostics.logging.JULLogger log
INFO: Opened connection [connectionId{localValue:1, serverValue:22}] to localhost:27017
Jan 09, 2020 12:21:37 PM com.mongodb.diagnostics.logging.JULLogger log
INFO: Monitor thread successfully connected to server with description ServerDescription{address=localhost:27017, type=STANDALONE, state=CONNECTED, ok=true, version=ServerVersion{versionList=[4, 2, 2]}, minWireVersion=0, maxWireVersion=8, maxDocumentSize=16777216, logicalSessionTimeoutMinutes=30, roundTripTimeNanos=9426400}
]]></system-err>
</testsuite>
